{
  "RSpec": {
    "coverage": {
      "/Users/kleber/bike_roar/pages/config/environment.rb": [
        null,
        1,
        null,
        null,
        1
      ],
      "/Users/kleber/bike_roar/pages/config/application.rb": [
        1,
        null,
        1,
        null,
        1,
        null,
        1,
        1,
        1,
        1,
        1,
        1,
        1,
        null,
        null
      ],
      "/Users/kleber/bike_roar/pages/config/boot.rb": [
        1,
        null,
        null,
        1,
        null,
        1
      ],
      "/Users/kleber/bike_roar/pages/config/environments/test.rb": [
        1,
        null,
        null,
        null,
        null,
        null,
        null,
        1,
        null,
        null,
        1,
        1,
        null,
        null,
        1,
        null,
        null,
        1,
        1,
        null,
        null,
        1,
        null,
        null,
        1,
        null,
        null,
        null,
        null,
        1,
        null,
        null,
        1,
        null,
        null,
        1,
        null
      ],
      "/Users/kleber/bike_roar/pages/config/initializers/backtrace_silencers.rb": [
        null,
        null,
        null,
        null,
        null,
        null,
        null
      ],
      "/Users/kleber/bike_roar/pages/config/initializers/mime_types.rb": [
        null,
        null,
        null,
        null,
        null
      ],
      "/Users/kleber/bike_roar/pages/config/initializers/secret_token.rb": [
        null,
        null,
        null,
        null,
        null,
        null,
        1
      ],
      "/Users/kleber/bike_roar/pages/config/initializers/session_store.rb": [
        null,
        null,
        1,
        null,
        null,
        null,
        null,
        null
      ],
      "/Users/kleber/bike_roar/pages/config/initializers/wrap_parameters.rb": [
        null,
        null,
        null,
        null,
        null,
        null,
        1,
        1,
        null,
        null,
        null,
        1,
        1,
        null
      ],
      "/Users/kleber/bike_roar/pages/app/controllers/api/apis_controller.rb": [
        1,
        1,
        null
      ],
      "/Users/kleber/bike_roar/pages/app/controllers/api/pages_controller.rb": [
        1,
        null,
        1,
        null,
        1,
        2,
        null,
        null,
        1,
        1,
        1,
        null,
        null,
        1,
        1,
        1,
        null,
        null,
        1,
        1,
        1,
        null,
        null,
        1,
        2,
        null,
        null,
        1,
        2,
        null,
        null,
        1,
        2,
        2,
        null,
        null,
        1,
        2,
        null,
        null,
        1,
        2,
        null,
        null,
        1,
        1,
        12,
        null,
        null
      ],
      "/Users/kleber/bike_roar/pages/app/models/page.rb": [
        1,
        1,
        null,
        1,
        1,
        null,
        1,
        2,
        null,
        null,
        1,
        0,
        null,
        null,
        1,
        0,
        null,
        null,
        1,
        0,
        null,
        null
      ],
      "/Users/kleber/bike_roar/pages/app/controllers/application_controller.rb": [
        1,
        1,
        null
      ],
      "/Users/kleber/bike_roar/pages/spec/factories/pages.rb": [
        1,
        1,
        1,
        7,
        null,
        1,
        null,
        null,
        1,
        1,
        6,
        null,
        1,
        1,
        null,
        null
      ],
      "/Users/kleber/bike_roar/pages/config/routes.rb": [
        1,
        1,
        1,
        1,
        1,
        1,
        null,
        null,
        1,
        1,
        1,
        null,
        null,
        null,
        null,
        1,
        null
      ]
    },
    "timestamp": 1347881950
  }
}
